1716799593035:getEndpoint
1716799632443:get
1716799659537:stacktrace
1716799873908:get
1716799886489:stacktrace
1716799934916:get
1716800120541:g
1716800179818:get
1716800534923:get-non-blocking
1716800584857:post
1716801976896:post-token
1716802984028:post
1716802987284:post-token
1716803094810:ostk
1716803096180:pt-oenps
1716803110146:post
1716803112696:post-token
1716803423886:stk
1716803429473:oteo
1716803435404:get
1716803438854:post
1716803441241:post-token
1716803513228:post
1716803514629:get
1716803519217:get-non-blocking
1716809012769:get
1716809156123:post
1716809158788:post-token
